[1.047s] Invoking command in '/home/parallels/Forschsemrep/strawberry_ws/build/strawberry_msgs': CMAKE_PREFIX_PATH=/opt/ros/humble /usr/bin/cmake /home/parallels/Forschsemrep/strawberry_ws/src/strawberry_msgs -DAMENT_CMAKE_SYMLINK_INSTALL=1 -DCMAKE_INSTALL_PREFIX=/home/parallels/Forschsemrep/strawberry_ws/install/strawberry_msgs
[1.144s] -- Found ament_cmake: 1.3.12 (/opt/ros/humble/share/ament_cmake/cmake)
[1.361s] -- Override CMake install command with custom implementation using symlinks instead of copying resources
[1.448s] -- Found rosidl_default_generators: 1.2.0 (/opt/ros/humble/share/rosidl_default_generators/cmake)
[1.459s] -- Using all available rosidl_typesupport_c: rosidl_typesupport_fastrtps_c;rosidl_typesupport_introspection_c
[1.474s] -- Found rosidl_adapter: 3.1.7 (/opt/ros/humble/share/rosidl_adapter/cmake)
[1.582s] -- Using all available rosidl_typesupport_cpp: rosidl_typesupport_fastrtps_cpp;rosidl_typesupport_introspection_cpp
[1.660s] -- Found std_msgs: 4.9.0 (/opt/ros/humble/share/std_msgs/cmake)
[1.724s] -- Found ament_lint_auto: 0.12.14 (/opt/ros/humble/share/ament_lint_auto/cmake)
[2.152s] -- Found ament_cmake_ros: 0.10.0 (/opt/ros/humble/share/ament_cmake_ros/cmake)
[2.454s] -- Using all available rosidl_typesupport_c: rosidl_typesupport_fastrtps_c;rosidl_typesupport_introspection_c
[2.884s] -- Using all available rosidl_typesupport_cpp: rosidl_typesupport_fastrtps_cpp;rosidl_typesupport_introspection_cpp
[2.918s] -- Found python_cmake_module: 0.10.0 (/opt/ros/humble/share/python_cmake_module/cmake)
[2.956s] -- Using PYTHON_EXECUTABLE: /usr/bin/python3
[2.956s] -- Using PYTHON_INCLUDE_DIRS: /usr/include/python3.10
[2.956s] -- Using PYTHON_LIBRARIES: /usr/lib/x86_64-linux-gnu/libpython3.10.so
[3.017s] -- Added test 'lint_cmake' to check CMake code style
[3.020s] -- Added test 'xmllint' to check XML markup files
[3.049s] -- Configuring done
[3.157s] -- Generating done
[3.171s] -- Build files have been written to: /home/parallels/Forschsemrep/strawberry_ws/build/strawberry_msgs
[3.611s] Invoked command in '/home/parallels/Forschsemrep/strawberry_ws/build/strawberry_msgs' returned '0': CMAKE_PREFIX_PATH=/opt/ros/humble /usr/bin/cmake /home/parallels/Forschsemrep/strawberry_ws/src/strawberry_msgs -DAMENT_CMAKE_SYMLINK_INSTALL=1 -DCMAKE_INSTALL_PREFIX=/home/parallels/Forschsemrep/strawberry_ws/install/strawberry_msgs
[3.612s] Invoking command in '/home/parallels/Forschsemrep/strawberry_ws/build/strawberry_msgs': CMAKE_PREFIX_PATH=/opt/ros/humble /usr/bin/cmake --build /home/parallels/Forschsemrep/strawberry_ws/build/strawberry_msgs -- -j4 -l4
[3.750s] [35m[1mConsolidate compiler generated dependencies of target strawberry_msgs__rosidl_generator_c[0m
[3.795s] [  9%] Built target strawberry_msgs__rosidl_generator_c
[3.808s] [ 12%] Built target strawberry_msgs__cpp
[3.821s] failed to create symbolic link '/home/parallels/Forschsemrep/strawberry_ws/build/strawberry_msgs/ament_cmake_python/strawberry_msgs/strawberry_msgs' because existing path cannot be removed: Is a directory
[3.829s] [35m[1mConsolidate compiler generated dependencies of target strawberry_msgs__rosidl_typesupport_fastrtps_c[0m
[3.829s] gmake[2]: *** [CMakeFiles/ament_cmake_python_symlink_strawberry_msgs.dir/build.make:70: CMakeFiles/ament_cmake_python_symlink_strawberry_msgs] Error 1
[3.829s] gmake[1]: *** [CMakeFiles/Makefile2:421: CMakeFiles/ament_cmake_python_symlink_strawberry_msgs.dir/all] Error 2
[3.829s] gmake[1]: *** Waiting for unfinished jobs....
[3.831s] [35m[1mConsolidate compiler generated dependencies of target strawberry_msgs__rosidl_typesupport_introspection_c[0m
[3.857s] [35m[1mConsolidate compiler generated dependencies of target strawberry_msgs__rosidl_typesupport_c[0m
[3.881s] [ 22%] Built target strawberry_msgs__rosidl_typesupport_introspection_c
[3.899s] [ 32%] Built target strawberry_msgs__rosidl_typesupport_c
[3.904s] [ 41%] Built target strawberry_msgs__rosidl_typesupport_fastrtps_c
[3.908s] gmake: *** [Makefile:146: all] Error 2
[3.926s] Invoked command in '/home/parallels/Forschsemrep/strawberry_ws/build/strawberry_msgs' returned '2': CMAKE_PREFIX_PATH=/opt/ros/humble /usr/bin/cmake --build /home/parallels/Forschsemrep/strawberry_ws/build/strawberry_msgs -- -j4 -l4
